Performing C SOURCE FILE Test HAVE_GCC_PREFERRED_STACK_BOUNDARY failed with the following output:
Change Dir: /home/cuckydev/OrgMaker3/build/CMakeFiles/CMakeTmp

Run Build Command(s):/usr/bin/make cmTC_15ad9/fast && /usr/bin/make  -f CMakeFiles/cmTC_15ad9.dir/build.make CMakeFiles/cmTC_15ad9.dir/build
make[1]: Entering directory '/home/cuckydev/OrgMaker3/build/CMakeFiles/CMakeTmp'
Building C object CMakeFiles/cmTC_15ad9.dir/src.c.o
/usr/bin/cc   -g -O3 -idirafter "/home/cuckydev/OrgMaker3/external/SDL2/src/video/khronos" -DHAVE_GCC_PREFERRED_STACK_BOUNDARY -mpreferred-stack-boundary=2   -o CMakeFiles/cmTC_15ad9.dir/src.c.o   -c /home/cuckydev/OrgMaker3/build/CMakeFiles/CMakeTmp/src.c
cc1: error: -mpreferred-stack-boundary=2 is not between 3 and 12
CMakeFiles/cmTC_15ad9.dir/build.make:85: recipe for target 'CMakeFiles/cmTC_15ad9.dir/src.c.o' failed
make[1]: *** [CMakeFiles/cmTC_15ad9.dir/src.c.o] Error 1
make[1]: Leaving directory '/home/cuckydev/OrgMaker3/build/CMakeFiles/CMakeTmp'
Makefile:141: recipe for target 'cmTC_15ad9/fast' failed
make: *** [cmTC_15ad9/fast] Error 2


Source file was:
int x = 0; int main(int argc, char **argv) {}
Performing C SOURCE FILE Test HAVE_ALTIVEC_H_HDR failed with the following output:
Change Dir: /home/cuckydev/OrgMaker3/build/CMakeFiles/CMakeTmp

Run Build Command(s):/usr/bin/make cmTC_e1a5d/fast && /usr/bin/make  -f CMakeFiles/cmTC_e1a5d.dir/build.make CMakeFiles/cmTC_e1a5d.dir/build
make[1]: Entering directory '/home/cuckydev/OrgMaker3/build/CMakeFiles/CMakeTmp'
Building C object CMakeFiles/cmTC_e1a5d.dir/src.c.o
/usr/bin/cc   -g -O3 -idirafter "/home/cuckydev/OrgMaker3/external/SDL2/src/video/khronos" -DHAVE_ALTIVEC_H_HDR -maltivec   -o CMakeFiles/cmTC_e1a5d.dir/src.c.o   -c /home/cuckydev/OrgMaker3/build/CMakeFiles/CMakeTmp/src.c
cc: error: unrecognized command line option ‘-maltivec’; did you mean ‘-mglibc’?
CMakeFiles/cmTC_e1a5d.dir/build.make:85: recipe for target 'CMakeFiles/cmTC_e1a5d.dir/src.c.o' failed
make[1]: *** [CMakeFiles/cmTC_e1a5d.dir/src.c.o] Error 1
make[1]: Leaving directory '/home/cuckydev/OrgMaker3/build/CMakeFiles/CMakeTmp'
Makefile:141: recipe for target 'cmTC_e1a5d/fast' failed
make: *** [cmTC_e1a5d/fast] Error 2


Source file was:

          #include <altivec.h>
          vector unsigned int vzero() {
              return vec_splat_u32(0);
          }
          int main(int argc, char **argv) { }
Performing C SOURCE FILE Test HAVE_ALTIVEC failed with the following output:
Change Dir: /home/cuckydev/OrgMaker3/build/CMakeFiles/CMakeTmp

Run Build Command(s):/usr/bin/make cmTC_ecda7/fast && /usr/bin/make  -f CMakeFiles/cmTC_ecda7.dir/build.make CMakeFiles/cmTC_ecda7.dir/build
make[1]: Entering directory '/home/cuckydev/OrgMaker3/build/CMakeFiles/CMakeTmp'
Building C object CMakeFiles/cmTC_ecda7.dir/src.c.o
/usr/bin/cc   -g -O3 -idirafter "/home/cuckydev/OrgMaker3/external/SDL2/src/video/khronos" -DHAVE_ALTIVEC -maltivec   -o CMakeFiles/cmTC_ecda7.dir/src.c.o   -c /home/cuckydev/OrgMaker3/build/CMakeFiles/CMakeTmp/src.c
cc: error: unrecognized command line option ‘-maltivec’; did you mean ‘-mglibc’?
CMakeFiles/cmTC_ecda7.dir/build.make:85: recipe for target 'CMakeFiles/cmTC_ecda7.dir/src.c.o' failed
make[1]: *** [CMakeFiles/cmTC_ecda7.dir/src.c.o] Error 1
make[1]: Leaving directory '/home/cuckydev/OrgMaker3/build/CMakeFiles/CMakeTmp'
Makefile:141: recipe for target 'cmTC_ecda7/fast' failed
make: *** [cmTC_ecda7/fast] Error 2


Source file was:

          vector unsigned int vzero() {
              return vec_splat_u32(0);
          }
          int main(int argc, char **argv) { }
Determining if the include file libunwind.h exists failed with the following output:
Change Dir: /home/cuckydev/OrgMaker3/build/CMakeFiles/CMakeTmp

Run Build Command(s):/usr/bin/make cmTC_6ae8c/fast && /usr/bin/make  -f CMakeFiles/cmTC_6ae8c.dir/build.make CMakeFiles/cmTC_6ae8c.dir/build
make[1]: Entering directory '/home/cuckydev/OrgMaker3/build/CMakeFiles/CMakeTmp'
Building C object CMakeFiles/cmTC_6ae8c.dir/CheckIncludeFile.c.o
/usr/bin/cc   -g -O3 -idirafter "/home/cuckydev/OrgMaker3/external/SDL2/src/video/khronos"    -o CMakeFiles/cmTC_6ae8c.dir/CheckIncludeFile.c.o   -c /home/cuckydev/OrgMaker3/build/CMakeFiles/CMakeTmp/CheckIncludeFile.c
/home/cuckydev/OrgMaker3/build/CMakeFiles/CMakeTmp/CheckIncludeFile.c:1:10: fatal error: libunwind.h: No such file or directory
 #include <libunwind.h>
          ^~~~~~~~~~~~~
compilation terminated.
CMakeFiles/cmTC_6ae8c.dir/build.make:85: recipe for target 'CMakeFiles/cmTC_6ae8c.dir/CheckIncludeFile.c.o' failed
make[1]: *** [CMakeFiles/cmTC_6ae8c.dir/CheckIncludeFile.c.o] Error 1
make[1]: Leaving directory '/home/cuckydev/OrgMaker3/build/CMakeFiles/CMakeTmp'
Makefile:141: recipe for target 'cmTC_6ae8c/fast' failed
make: *** [cmTC_6ae8c/fast] Error 2



Determining if the function strlcpy exists failed with the following output:
Change Dir: /home/cuckydev/OrgMaker3/build/CMakeFiles/CMakeTmp

Run Build Command(s):/usr/bin/make cmTC_90d2a/fast && /usr/bin/make  -f CMakeFiles/cmTC_90d2a.dir/build.make CMakeFiles/cmTC_90d2a.dir/build
make[1]: Entering directory '/home/cuckydev/OrgMaker3/build/CMakeFiles/CMakeTmp'
Building C object CMakeFiles/cmTC_90d2a.dir/CheckFunctionExists.c.o
/usr/bin/cc   -g -O3 -idirafter "/home/cuckydev/OrgMaker3/external/SDL2/src/video/khronos" -DCHECK_FUNCTION_EXISTS=strlcpy   -o CMakeFiles/cmTC_90d2a.dir/CheckFunctionExists.c.o   -c /snap/cmake/340/share/cmake-3.17/Modules/CheckFunctionExists.c
Linking C executable cmTC_90d2a
/snap/cmake/340/bin/cmake -E cmake_link_script CMakeFiles/cmTC_90d2a.dir/link.txt --verbose=1
/usr/bin/cc -g -O3 -idirafter "/home/cuckydev/OrgMaker3/external/SDL2/src/video/khronos" -DCHECK_FUNCTION_EXISTS=strlcpy    -rdynamic CMakeFiles/cmTC_90d2a.dir/CheckFunctionExists.c.o  -o cmTC_90d2a 
CMakeFiles/cmTC_90d2a.dir/CheckFunctionExists.c.o: In function `main':
/snap/cmake/340/share/cmake-3.17/Modules/CheckFunctionExists.c:17: undefined reference to `strlcpy'
collect2: error: ld returned 1 exit status
CMakeFiles/cmTC_90d2a.dir/build.make:106: recipe for target 'cmTC_90d2a' failed
make[1]: *** [cmTC_90d2a] Error 1
make[1]: Leaving directory '/home/cuckydev/OrgMaker3/build/CMakeFiles/CMakeTmp'
Makefile:141: recipe for target 'cmTC_90d2a/fast' failed
make: *** [cmTC_90d2a/fast] Error 2



Determining if the function strlcat exists failed with the following output:
Change Dir: /home/cuckydev/OrgMaker3/build/CMakeFiles/CMakeTmp

Run Build Command(s):/usr/bin/make cmTC_72ffb/fast && /usr/bin/make  -f CMakeFiles/cmTC_72ffb.dir/build.make CMakeFiles/cmTC_72ffb.dir/build
make[1]: Entering directory '/home/cuckydev/OrgMaker3/build/CMakeFiles/CMakeTmp'
Building C object CMakeFiles/cmTC_72ffb.dir/CheckFunctionExists.c.o
/usr/bin/cc   -g -O3 -idirafter "/home/cuckydev/OrgMaker3/external/SDL2/src/video/khronos" -DCHECK_FUNCTION_EXISTS=strlcat   -o CMakeFiles/cmTC_72ffb.dir/CheckFunctionExists.c.o   -c /snap/cmake/340/share/cmake-3.17/Modules/CheckFunctionExists.c
Linking C executable cmTC_72ffb
/snap/cmake/340/bin/cmake -E cmake_link_script CMakeFiles/cmTC_72ffb.dir/link.txt --verbose=1
/usr/bin/cc -g -O3 -idirafter "/home/cuckydev/OrgMaker3/external/SDL2/src/video/khronos" -DCHECK_FUNCTION_EXISTS=strlcat    -rdynamic CMakeFiles/cmTC_72ffb.dir/CheckFunctionExists.c.o  -o cmTC_72ffb 
CMakeFiles/cmTC_72ffb.dir/CheckFunctionExists.c.o: In function `main':
/snap/cmake/340/share/cmake-3.17/Modules/CheckFunctionExists.c:17: undefined reference to `strlcat'
collect2: error: ld returned 1 exit status
CMakeFiles/cmTC_72ffb.dir/build.make:106: recipe for target 'cmTC_72ffb' failed
make[1]: *** [cmTC_72ffb] Error 1
make[1]: Leaving directory '/home/cuckydev/OrgMaker3/build/CMakeFiles/CMakeTmp'
Makefile:141: recipe for target 'cmTC_72ffb/fast' failed
make: *** [cmTC_72ffb/fast] Error 2



Determining if the function _strrev exists failed with the following output:
Change Dir: /home/cuckydev/OrgMaker3/build/CMakeFiles/CMakeTmp

Run Build Command(s):/usr/bin/make cmTC_5853c/fast && /usr/bin/make  -f CMakeFiles/cmTC_5853c.dir/build.make CMakeFiles/cmTC_5853c.dir/build
make[1]: Entering directory '/home/cuckydev/OrgMaker3/build/CMakeFiles/CMakeTmp'
Building C object CMakeFiles/cmTC_5853c.dir/CheckFunctionExists.c.o
/usr/bin/cc   -g -O3 -idirafter "/home/cuckydev/OrgMaker3/external/SDL2/src/video/khronos" -DCHECK_FUNCTION_EXISTS=_strrev   -o CMakeFiles/cmTC_5853c.dir/CheckFunctionExists.c.o   -c /snap/cmake/340/share/cmake-3.17/Modules/CheckFunctionExists.c
Linking C executable cmTC_5853c
/snap/cmake/340/bin/cmake -E cmake_link_script CMakeFiles/cmTC_5853c.dir/link.txt --verbose=1
/usr/bin/cc -g -O3 -idirafter "/home/cuckydev/OrgMaker3/external/SDL2/src/video/khronos" -DCHECK_FUNCTION_EXISTS=_strrev    -rdynamic CMakeFiles/cmTC_5853c.dir/CheckFunctionExists.c.o  -o cmTC_5853c 
CMakeFiles/cmTC_5853c.dir/CheckFunctionExists.c.o: In function `main':
/snap/cmake/340/share/cmake-3.17/Modules/CheckFunctionExists.c:17: undefined reference to `_strrev'
collect2: error: ld returned 1 exit status
CMakeFiles/cmTC_5853c.dir/build.make:106: recipe for target 'cmTC_5853c' failed
make[1]: *** [cmTC_5853c] Error 1
make[1]: Leaving directory '/home/cuckydev/OrgMaker3/build/CMakeFiles/CMakeTmp'
Makefile:141: recipe for target 'cmTC_5853c/fast' failed
make: *** [cmTC_5853c/fast] Error 2



Determining if the function _strupr exists failed with the following output:
Change Dir: /home/cuckydev/OrgMaker3/build/CMakeFiles/CMakeTmp

Run Build Command(s):/usr/bin/make cmTC_5f02f/fast && /usr/bin/make  -f CMakeFiles/cmTC_5f02f.dir/build.make CMakeFiles/cmTC_5f02f.dir/build
make[1]: Entering directory '/home/cuckydev/OrgMaker3/build/CMakeFiles/CMakeTmp'
Building C object CMakeFiles/cmTC_5f02f.dir/CheckFunctionExists.c.o
/usr/bin/cc   -g -O3 -idirafter "/home/cuckydev/OrgMaker3/external/SDL2/src/video/khronos" -DCHECK_FUNCTION_EXISTS=_strupr   -o CMakeFiles/cmTC_5f02f.dir/CheckFunctionExists.c.o   -c /snap/cmake/340/share/cmake-3.17/Modules/CheckFunctionExists.c
Linking C executable cmTC_5f02f
/snap/cmake/340/bin/cmake -E cmake_link_script CMakeFiles/cmTC_5f02f.dir/link.txt --verbose=1
/usr/bin/cc -g -O3 -idirafter "/home/cuckydev/OrgMaker3/external/SDL2/src/video/khronos" -DCHECK_FUNCTION_EXISTS=_strupr    -rdynamic CMakeFiles/cmTC_5f02f.dir/CheckFunctionExists.c.o  -o cmTC_5f02f 
CMakeFiles/cmTC_5f02f.dir/CheckFunctionExists.c.o: In function `main':
/snap/cmake/340/share/cmake-3.17/Modules/CheckFunctionExists.c:17: undefined reference to `_strupr'
collect2: error: ld returned 1 exit status
CMakeFiles/cmTC_5f02f.dir/build.make:106: recipe for target 'cmTC_5f02f' failed
make[1]: *** [cmTC_5f02f] Error 1
make[1]: Leaving directory '/home/cuckydev/OrgMaker3/build/CMakeFiles/CMakeTmp'
Makefile:141: recipe for target 'cmTC_5f02f/fast' failed
make: *** [cmTC_5f02f/fast] Error 2



Determining if the function _strlwr exists failed with the following output:
Change Dir: /home/cuckydev/OrgMaker3/build/CMakeFiles/CMakeTmp

Run Build Command(s):/usr/bin/make cmTC_1528b/fast && /usr/bin/make  -f CMakeFiles/cmTC_1528b.dir/build.make CMakeFiles/cmTC_1528b.dir/build
make[1]: Entering directory '/home/cuckydev/OrgMaker3/build/CMakeFiles/CMakeTmp'
Building C object CMakeFiles/cmTC_1528b.dir/CheckFunctionExists.c.o
/usr/bin/cc   -g -O3 -idirafter "/home/cuckydev/OrgMaker3/external/SDL2/src/video/khronos" -DCHECK_FUNCTION_EXISTS=_strlwr   -o CMakeFiles/cmTC_1528b.dir/CheckFunctionExists.c.o   -c /snap/cmake/340/share/cmake-3.17/Modules/CheckFunctionExists.c
Linking C executable cmTC_1528b
/snap/cmake/340/bin/cmake -E cmake_link_script CMakeFiles/cmTC_1528b.dir/link.txt --verbose=1
/usr/bin/cc -g -O3 -idirafter "/home/cuckydev/OrgMaker3/external/SDL2/src/video/khronos" -DCHECK_FUNCTION_EXISTS=_strlwr    -rdynamic CMakeFiles/cmTC_1528b.dir/CheckFunctionExists.c.o  -o cmTC_1528b 
CMakeFiles/cmTC_1528b.dir/CheckFunctionExists.c.o: In function `main':
/snap/cmake/340/share/cmake-3.17/Modules/CheckFunctionExists.c:17: undefined reference to `_strlwr'
collect2: error: ld returned 1 exit status
CMakeFiles/cmTC_1528b.dir/build.make:106: recipe for target 'cmTC_1528b' failed
make[1]: *** [cmTC_1528b] Error 1
make[1]: Leaving directory '/home/cuckydev/OrgMaker3/build/CMakeFiles/CMakeTmp'
Makefile:141: recipe for target 'cmTC_1528b/fast' failed
make: *** [cmTC_1528b/fast] Error 2



Determining if the function itoa exists failed with the following output:
Change Dir: /home/cuckydev/OrgMaker3/build/CMakeFiles/CMakeTmp

Run Build Command(s):/usr/bin/make cmTC_a256f/fast && /usr/bin/make  -f CMakeFiles/cmTC_a256f.dir/build.make CMakeFiles/cmTC_a256f.dir/build
make[1]: Entering directory '/home/cuckydev/OrgMaker3/build/CMakeFiles/CMakeTmp'
Building C object CMakeFiles/cmTC_a256f.dir/CheckFunctionExists.c.o
/usr/bin/cc   -g -O3 -idirafter "/home/cuckydev/OrgMaker3/external/SDL2/src/video/khronos" -DCHECK_FUNCTION_EXISTS=itoa   -o CMakeFiles/cmTC_a256f.dir/CheckFunctionExists.c.o   -c /snap/cmake/340/share/cmake-3.17/Modules/CheckFunctionExists.c
Linking C executable cmTC_a256f
/snap/cmake/340/bin/cmake -E cmake_link_script CMakeFiles/cmTC_a256f.dir/link.txt --verbose=1
/usr/bin/cc -g -O3 -idirafter "/home/cuckydev/OrgMaker3/external/SDL2/src/video/khronos" -DCHECK_FUNCTION_EXISTS=itoa    -rdynamic CMakeFiles/cmTC_a256f.dir/CheckFunctionExists.c.o  -o cmTC_a256f 
CMakeFiles/cmTC_a256f.dir/CheckFunctionExists.c.o: In function `main':
/snap/cmake/340/share/cmake-3.17/Modules/CheckFunctionExists.c:17: undefined reference to `itoa'
collect2: error: ld returned 1 exit status
CMakeFiles/cmTC_a256f.dir/build.make:106: recipe for target 'cmTC_a256f' failed
make[1]: *** [cmTC_a256f] Error 1
make[1]: Leaving directory '/home/cuckydev/OrgMaker3/build/CMakeFiles/CMakeTmp'
Makefile:141: recipe for target 'cmTC_a256f/fast' failed
make: *** [cmTC_a256f/fast] Error 2



Determining if the function _ltoa exists failed with the following output:
Change Dir: /home/cuckydev/OrgMaker3/build/CMakeFiles/CMakeTmp

Run Build Command(s):/usr/bin/make cmTC_47d16/fast && /usr/bin/make  -f CMakeFiles/cmTC_47d16.dir/build.make CMakeFiles/cmTC_47d16.dir/build
make[1]: Entering directory '/home/cuckydev/OrgMaker3/build/CMakeFiles/CMakeTmp'
Building C object CMakeFiles/cmTC_47d16.dir/CheckFunctionExists.c.o
/usr/bin/cc   -g -O3 -idirafter "/home/cuckydev/OrgMaker3/external/SDL2/src/video/khronos" -DCHECK_FUNCTION_EXISTS=_ltoa   -o CMakeFiles/cmTC_47d16.dir/CheckFunctionExists.c.o   -c /snap/cmake/340/share/cmake-3.17/Modules/CheckFunctionExists.c
Linking C executable cmTC_47d16
/snap/cmake/340/bin/cmake -E cmake_link_script CMakeFiles/cmTC_47d16.dir/link.txt --verbose=1
/usr/bin/cc -g -O3 -idirafter "/home/cuckydev/OrgMaker3/external/SDL2/src/video/khronos" -DCHECK_FUNCTION_EXISTS=_ltoa    -rdynamic CMakeFiles/cmTC_47d16.dir/CheckFunctionExists.c.o  -o cmTC_47d16 
CMakeFiles/cmTC_47d16.dir/CheckFunctionExists.c.o: In function `main':
/snap/cmake/340/share/cmake-3.17/Modules/CheckFunctionExists.c:17: undefined reference to `_ltoa'
collect2: error: ld returned 1 exit status
CMakeFiles/cmTC_47d16.dir/build.make:106: recipe for target 'cmTC_47d16' failed
make[1]: *** [cmTC_47d16] Error 1
make[1]: Leaving directory '/home/cuckydev/OrgMaker3/build/CMakeFiles/CMakeTmp'
Makefile:141: recipe for target 'cmTC_47d16/fast' failed
make: *** [cmTC_47d16/fast] Error 2



Determining if the function _uitoa exists failed with the following output:
Change Dir: /home/cuckydev/OrgMaker3/build/CMakeFiles/CMakeTmp

Run Build Command(s):/usr/bin/make cmTC_3f925/fast && /usr/bin/make  -f CMakeFiles/cmTC_3f925.dir/build.make CMakeFiles/cmTC_3f925.dir/build
make[1]: Entering directory '/home/cuckydev/OrgMaker3/build/CMakeFiles/CMakeTmp'
Building C object CMakeFiles/cmTC_3f925.dir/CheckFunctionExists.c.o
/usr/bin/cc   -g -O3 -idirafter "/home/cuckydev/OrgMaker3/external/SDL2/src/video/khronos" -DCHECK_FUNCTION_EXISTS=_uitoa   -o CMakeFiles/cmTC_3f925.dir/CheckFunctionExists.c.o   -c /snap/cmake/340/share/cmake-3.17/Modules/CheckFunctionExists.c
Linking C executable cmTC_3f925
/snap/cmake/340/bin/cmake -E cmake_link_script CMakeFiles/cmTC_3f925.dir/link.txt --verbose=1
/usr/bin/cc -g -O3 -idirafter "/home/cuckydev/OrgMaker3/external/SDL2/src/video/khronos" -DCHECK_FUNCTION_EXISTS=_uitoa    -rdynamic CMakeFiles/cmTC_3f925.dir/CheckFunctionExists.c.o  -o cmTC_3f925 
CMakeFiles/cmTC_3f925.dir/CheckFunctionExists.c.o: In function `main':
/snap/cmake/340/share/cmake-3.17/Modules/CheckFunctionExists.c:17: undefined reference to `_uitoa'
collect2: error: ld returned 1 exit status
CMakeFiles/cmTC_3f925.dir/build.make:106: recipe for target 'cmTC_3f925' failed
make[1]: *** [cmTC_3f925] Error 1
make[1]: Leaving directory '/home/cuckydev/OrgMaker3/build/CMakeFiles/CMakeTmp'
Makefile:141: recipe for target 'cmTC_3f925/fast' failed
make: *** [cmTC_3f925/fast] Error 2



Determining if the function _ultoa exists failed with the following output:
Change Dir: /home/cuckydev/OrgMaker3/build/CMakeFiles/CMakeTmp

Run Build Command(s):/usr/bin/make cmTC_855aa/fast && /usr/bin/make  -f CMakeFiles/cmTC_855aa.dir/build.make CMakeFiles/cmTC_855aa.dir/build
make[1]: Entering directory '/home/cuckydev/OrgMaker3/build/CMakeFiles/CMakeTmp'
Building C object CMakeFiles/cmTC_855aa.dir/CheckFunctionExists.c.o
/usr/bin/cc   -g -O3 -idirafter "/home/cuckydev/OrgMaker3/external/SDL2/src/video/khronos" -DCHECK_FUNCTION_EXISTS=_ultoa   -o CMakeFiles/cmTC_855aa.dir/CheckFunctionExists.c.o   -c /snap/cmake/340/share/cmake-3.17/Modules/CheckFunctionExists.c
Linking C executable cmTC_855aa
/snap/cmake/340/bin/cmake -E cmake_link_script CMakeFiles/cmTC_855aa.dir/link.txt --verbose=1
/usr/bin/cc -g -O3 -idirafter "/home/cuckydev/OrgMaker3/external/SDL2/src/video/khronos" -DCHECK_FUNCTION_EXISTS=_ultoa    -rdynamic CMakeFiles/cmTC_855aa.dir/CheckFunctionExists.c.o  -o cmTC_855aa 
CMakeFiles/cmTC_855aa.dir/CheckFunctionExists.c.o: In function `main':
/snap/cmake/340/share/cmake-3.17/Modules/CheckFunctionExists.c:17: undefined reference to `_ultoa'
collect2: error: ld returned 1 exit status
CMakeFiles/cmTC_855aa.dir/build.make:106: recipe for target 'cmTC_855aa' failed
make[1]: *** [cmTC_855aa] Error 1
make[1]: Leaving directory '/home/cuckydev/OrgMaker3/build/CMakeFiles/CMakeTmp'
Makefile:141: recipe for target 'cmTC_855aa/fast' failed
make: *** [cmTC_855aa/fast] Error 2



Determining if the function _i64toa exists failed with the following output:
Change Dir: /home/cuckydev/OrgMaker3/build/CMakeFiles/CMakeTmp

Run Build Command(s):/usr/bin/make cmTC_7ab22/fast && /usr/bin/make  -f CMakeFiles/cmTC_7ab22.dir/build.make CMakeFiles/cmTC_7ab22.dir/build
make[1]: Entering directory '/home/cuckydev/OrgMaker3/build/CMakeFiles/CMakeTmp'
Building C object CMakeFiles/cmTC_7ab22.dir/CheckFunctionExists.c.o
/usr/bin/cc   -g -O3 -idirafter "/home/cuckydev/OrgMaker3/external/SDL2/src/video/khronos" -DCHECK_FUNCTION_EXISTS=_i64toa   -o CMakeFiles/cmTC_7ab22.dir/CheckFunctionExists.c.o   -c /snap/cmake/340/share/cmake-3.17/Modules/CheckFunctionExists.c
Linking C executable cmTC_7ab22
/snap/cmake/340/bin/cmake -E cmake_link_script CMakeFiles/cmTC_7ab22.dir/link.txt --verbose=1
/usr/bin/cc -g -O3 -idirafter "/home/cuckydev/OrgMaker3/external/SDL2/src/video/khronos" -DCHECK_FUNCTION_EXISTS=_i64toa    -rdynamic CMakeFiles/cmTC_7ab22.dir/CheckFunctionExists.c.o  -o cmTC_7ab22 
CMakeFiles/cmTC_7ab22.dir/CheckFunctionExists.c.o: In function `main':
/snap/cmake/340/share/cmake-3.17/Modules/CheckFunctionExists.c:17: undefined reference to `_i64toa'
collect2: error: ld returned 1 exit status
CMakeFiles/cmTC_7ab22.dir/build.make:106: recipe for target 'cmTC_7ab22' failed
make[1]: *** [cmTC_7ab22] Error 1
make[1]: Leaving directory '/home/cuckydev/OrgMaker3/build/CMakeFiles/CMakeTmp'
Makefile:141: recipe for target 'cmTC_7ab22/fast' failed
make: *** [cmTC_7ab22/fast] Error 2



Determining if the function _ui64toa exists failed with the following output:
Change Dir: /home/cuckydev/OrgMaker3/build/CMakeFiles/CMakeTmp

Run Build Command(s):/usr/bin/make cmTC_eda17/fast && /usr/bin/make  -f CMakeFiles/cmTC_eda17.dir/build.make CMakeFiles/cmTC_eda17.dir/build
make[1]: Entering directory '/home/cuckydev/OrgMaker3/build/CMakeFiles/CMakeTmp'
Building C object CMakeFiles/cmTC_eda17.dir/CheckFunctionExists.c.o
/usr/bin/cc   -g -O3 -idirafter "/home/cuckydev/OrgMaker3/external/SDL2/src/video/khronos" -DCHECK_FUNCTION_EXISTS=_ui64toa   -o CMakeFiles/cmTC_eda17.dir/CheckFunctionExists.c.o   -c /snap/cmake/340/share/cmake-3.17/Modules/CheckFunctionExists.c
Linking C executable cmTC_eda17
/snap/cmake/340/bin/cmake -E cmake_link_script CMakeFiles/cmTC_eda17.dir/link.txt --verbose=1
/usr/bin/cc -g -O3 -idirafter "/home/cuckydev/OrgMaker3/external/SDL2/src/video/khronos" -DCHECK_FUNCTION_EXISTS=_ui64toa    -rdynamic CMakeFiles/cmTC_eda17.dir/CheckFunctionExists.c.o  -o cmTC_eda17 
CMakeFiles/cmTC_eda17.dir/CheckFunctionExists.c.o: In function `main':
/snap/cmake/340/share/cmake-3.17/Modules/CheckFunctionExists.c:17: undefined reference to `_ui64toa'
collect2: error: ld returned 1 exit status
CMakeFiles/cmTC_eda17.dir/build.make:106: recipe for target 'cmTC_eda17' failed
make[1]: *** [cmTC_eda17] Error 1
make[1]: Leaving directory '/home/cuckydev/OrgMaker3/build/CMakeFiles/CMakeTmp'
Makefile:141: recipe for target 'cmTC_eda17/fast' failed
make: *** [cmTC_eda17/fast] Error 2



Determining if the function _stricmp exists failed with the following output:
Change Dir: /home/cuckydev/OrgMaker3/build/CMakeFiles/CMakeTmp

Run Build Command(s):/usr/bin/make cmTC_e34ff/fast && /usr/bin/make  -f CMakeFiles/cmTC_e34ff.dir/build.make CMakeFiles/cmTC_e34ff.dir/build
make[1]: Entering directory '/home/cuckydev/OrgMaker3/build/CMakeFiles/CMakeTmp'
Building C object CMakeFiles/cmTC_e34ff.dir/CheckFunctionExists.c.o
/usr/bin/cc   -g -O3 -idirafter "/home/cuckydev/OrgMaker3/external/SDL2/src/video/khronos" -DCHECK_FUNCTION_EXISTS=_stricmp   -o CMakeFiles/cmTC_e34ff.dir/CheckFunctionExists.c.o   -c /snap/cmake/340/share/cmake-3.17/Modules/CheckFunctionExists.c
Linking C executable cmTC_e34ff
/snap/cmake/340/bin/cmake -E cmake_link_script CMakeFiles/cmTC_e34ff.dir/link.txt --verbose=1
/usr/bin/cc -g -O3 -idirafter "/home/cuckydev/OrgMaker3/external/SDL2/src/video/khronos" -DCHECK_FUNCTION_EXISTS=_stricmp    -rdynamic CMakeFiles/cmTC_e34ff.dir/CheckFunctionExists.c.o  -o cmTC_e34ff 
CMakeFiles/cmTC_e34ff.dir/CheckFunctionExists.c.o: In function `main':
/snap/cmake/340/share/cmake-3.17/Modules/CheckFunctionExists.c:17: undefined reference to `_stricmp'
collect2: error: ld returned 1 exit status
CMakeFiles/cmTC_e34ff.dir/build.make:106: recipe for target 'cmTC_e34ff' failed
make[1]: *** [cmTC_e34ff] Error 1
make[1]: Leaving directory '/home/cuckydev/OrgMaker3/build/CMakeFiles/CMakeTmp'
Makefile:141: recipe for target 'cmTC_e34ff/fast' failed
make: *** [cmTC_e34ff/fast] Error 2



Determining if the function _strnicmp exists failed with the following output:
Change Dir: /home/cuckydev/OrgMaker3/build/CMakeFiles/CMakeTmp

Run Build Command(s):/usr/bin/make cmTC_eb281/fast && /usr/bin/make  -f CMakeFiles/cmTC_eb281.dir/build.make CMakeFiles/cmTC_eb281.dir/build
make[1]: Entering directory '/home/cuckydev/OrgMaker3/build/CMakeFiles/CMakeTmp'
Building C object CMakeFiles/cmTC_eb281.dir/CheckFunctionExists.c.o
/usr/bin/cc   -g -O3 -idirafter "/home/cuckydev/OrgMaker3/external/SDL2/src/video/khronos" -DCHECK_FUNCTION_EXISTS=_strnicmp   -o CMakeFiles/cmTC_eb281.dir/CheckFunctionExists.c.o   -c /snap/cmake/340/share/cmake-3.17/Modules/CheckFunctionExists.c
Linking C executable cmTC_eb281
/snap/cmake/340/bin/cmake -E cmake_link_script CMakeFiles/cmTC_eb281.dir/link.txt --verbose=1
/usr/bin/cc -g -O3 -idirafter "/home/cuckydev/OrgMaker3/external/SDL2/src/video/khronos" -DCHECK_FUNCTION_EXISTS=_strnicmp    -rdynamic CMakeFiles/cmTC_eb281.dir/CheckFunctionExists.c.o  -o cmTC_eb281 
CMakeFiles/cmTC_eb281.dir/CheckFunctionExists.c.o: In function `main':
/snap/cmake/340/share/cmake-3.17/Modules/CheckFunctionExists.c:17: undefined reference to `_strnicmp'
collect2: error: ld returned 1 exit status
CMakeFiles/cmTC_eb281.dir/build.make:106: recipe for target 'cmTC_eb281' failed
make[1]: *** [cmTC_eb281] Error 1
make[1]: Leaving directory '/home/cuckydev/OrgMaker3/build/CMakeFiles/CMakeTmp'
Makefile:141: recipe for target 'cmTC_eb281/fast' failed
make: *** [cmTC_eb281/fast] Error 2



Determining if the function sysctlbyname exists failed with the following output:
Change Dir: /home/cuckydev/OrgMaker3/build/CMakeFiles/CMakeTmp

Run Build Command(s):/usr/bin/make cmTC_f7121/fast && /usr/bin/make  -f CMakeFiles/cmTC_f7121.dir/build.make CMakeFiles/cmTC_f7121.dir/build
make[1]: Entering directory '/home/cuckydev/OrgMaker3/build/CMakeFiles/CMakeTmp'
Building C object CMakeFiles/cmTC_f7121.dir/CheckFunctionExists.c.o
/usr/bin/cc   -g -O3 -idirafter "/home/cuckydev/OrgMaker3/external/SDL2/src/video/khronos" -DCHECK_FUNCTION_EXISTS=sysctlbyname   -o CMakeFiles/cmTC_f7121.dir/CheckFunctionExists.c.o   -c /snap/cmake/340/share/cmake-3.17/Modules/CheckFunctionExists.c
Linking C executable cmTC_f7121
/snap/cmake/340/bin/cmake -E cmake_link_script CMakeFiles/cmTC_f7121.dir/link.txt --verbose=1
/usr/bin/cc -g -O3 -idirafter "/home/cuckydev/OrgMaker3/external/SDL2/src/video/khronos" -DCHECK_FUNCTION_EXISTS=sysctlbyname    -rdynamic CMakeFiles/cmTC_f7121.dir/CheckFunctionExists.c.o  -o cmTC_f7121 
CMakeFiles/cmTC_f7121.dir/CheckFunctionExists.c.o: In function `main':
/snap/cmake/340/share/cmake-3.17/Modules/CheckFunctionExists.c:17: undefined reference to `sysctlbyname'
collect2: error: ld returned 1 exit status
CMakeFiles/cmTC_f7121.dir/build.make:106: recipe for target 'cmTC_f7121' failed
make[1]: *** [cmTC_f7121] Error 1
make[1]: Leaving directory '/home/cuckydev/OrgMaker3/build/CMakeFiles/CMakeTmp'
Makefile:141: recipe for target 'cmTC_f7121/fast' failed
make: *** [cmTC_f7121/fast] Error 2



Determining if the function iconv_open exists in the iconv failed with the following output:
Change Dir: /home/cuckydev/OrgMaker3/build/CMakeFiles/CMakeTmp

Run Build Command(s):/usr/bin/make cmTC_e3cb2/fast && /usr/bin/make  -f CMakeFiles/cmTC_e3cb2.dir/build.make CMakeFiles/cmTC_e3cb2.dir/build
make[1]: Entering directory '/home/cuckydev/OrgMaker3/build/CMakeFiles/CMakeTmp'
Building C object CMakeFiles/cmTC_e3cb2.dir/CheckFunctionExists.c.o
/usr/bin/cc   -g -O3 -idirafter "/home/cuckydev/OrgMaker3/external/SDL2/src/video/khronos" -DCHECK_FUNCTION_EXISTS=iconv_open   -o CMakeFiles/cmTC_e3cb2.dir/CheckFunctionExists.c.o   -c /snap/cmake/340/share/cmake-3.17/Modules/CheckFunctionExists.c
Linking C executable cmTC_e3cb2
/snap/cmake/340/bin/cmake -E cmake_link_script CMakeFiles/cmTC_e3cb2.dir/link.txt --verbose=1
/usr/bin/cc -g -O3 -idirafter "/home/cuckydev/OrgMaker3/external/SDL2/src/video/khronos" -DCHECK_FUNCTION_EXISTS=iconv_open    -rdynamic CMakeFiles/cmTC_e3cb2.dir/CheckFunctionExists.c.o  -o cmTC_e3cb2  -liconv 
/usr/bin/ld: cannot find -liconv
collect2: error: ld returned 1 exit status
CMakeFiles/cmTC_e3cb2.dir/build.make:106: recipe for target 'cmTC_e3cb2' failed
make[1]: *** [cmTC_e3cb2] Error 1
make[1]: Leaving directory '/home/cuckydev/OrgMaker3/build/CMakeFiles/CMakeTmp'
Makefile:141: recipe for target 'cmTC_e3cb2/fast' failed
make: *** [cmTC_e3cb2/fast] Error 2



Determining if the function alloca exists failed with the following output:
Change Dir: /home/cuckydev/OrgMaker3/build/CMakeFiles/CMakeTmp

Run Build Command(s):/usr/bin/make cmTC_ff110/fast && /usr/bin/make  -f CMakeFiles/cmTC_ff110.dir/build.make CMakeFiles/cmTC_ff110.dir/build
make[1]: Entering directory '/home/cuckydev/OrgMaker3/build/CMakeFiles/CMakeTmp'
Building C object CMakeFiles/cmTC_ff110.dir/CheckFunctionExists.c.o
/usr/bin/cc   -g -O3 -idirafter "/home/cuckydev/OrgMaker3/external/SDL2/src/video/khronos" -DCHECK_FUNCTION_EXISTS=alloca   -o CMakeFiles/cmTC_ff110.dir/CheckFunctionExists.c.o   -c /snap/cmake/340/share/cmake-3.17/Modules/CheckFunctionExists.c
<command-line>:0:23: warning: conflicting types for built-in function ‘alloca’ [-Wbuiltin-declaration-mismatch]
/snap/cmake/340/share/cmake-3.17/Modules/CheckFunctionExists.c:7:3: note: in expansion of macro ‘CHECK_FUNCTION_EXISTS’
   CHECK_FUNCTION_EXISTS(void);
   ^~~~~~~~~~~~~~~~~~~~~
Linking C executable cmTC_ff110
/snap/cmake/340/bin/cmake -E cmake_link_script CMakeFiles/cmTC_ff110.dir/link.txt --verbose=1
/usr/bin/cc -g -O3 -idirafter "/home/cuckydev/OrgMaker3/external/SDL2/src/video/khronos" -DCHECK_FUNCTION_EXISTS=alloca    -rdynamic CMakeFiles/cmTC_ff110.dir/CheckFunctionExists.c.o  -o cmTC_ff110 
CMakeFiles/cmTC_ff110.dir/CheckFunctionExists.c.o: In function `main':
/snap/cmake/340/share/cmake-3.17/Modules/CheckFunctionExists.c:17: undefined reference to `alloca'
collect2: error: ld returned 1 exit status
CMakeFiles/cmTC_ff110.dir/build.make:106: recipe for target 'cmTC_ff110' failed
make[1]: *** [cmTC_ff110] Error 1
make[1]: Leaving directory '/home/cuckydev/OrgMaker3/build/CMakeFiles/CMakeTmp'
Makefile:141: recipe for target 'cmTC_ff110/fast' failed
make: *** [cmTC_ff110/fast] Error 2



Determining if the function dlopen exists failed with the following output:
Change Dir: /home/cuckydev/OrgMaker3/build/CMakeFiles/CMakeTmp

Run Build Command(s):/usr/bin/make cmTC_551e7/fast && /usr/bin/make  -f CMakeFiles/cmTC_551e7.dir/build.make CMakeFiles/cmTC_551e7.dir/build
make[1]: Entering directory '/home/cuckydev/OrgMaker3/build/CMakeFiles/CMakeTmp'
Building C object CMakeFiles/cmTC_551e7.dir/CheckFunctionExists.c.o
/usr/bin/cc   -g -O3 -idirafter "/home/cuckydev/OrgMaker3/external/SDL2/src/video/khronos" -DCHECK_FUNCTION_EXISTS=dlopen   -o CMakeFiles/cmTC_551e7.dir/CheckFunctionExists.c.o   -c /snap/cmake/340/share/cmake-3.17/Modules/CheckFunctionExists.c
Linking C executable cmTC_551e7
/snap/cmake/340/bin/cmake -E cmake_link_script CMakeFiles/cmTC_551e7.dir/link.txt --verbose=1
/usr/bin/cc -g -O3 -idirafter "/home/cuckydev/OrgMaker3/external/SDL2/src/video/khronos" -DCHECK_FUNCTION_EXISTS=dlopen    -rdynamic CMakeFiles/cmTC_551e7.dir/CheckFunctionExists.c.o  -o cmTC_551e7 
CMakeFiles/cmTC_551e7.dir/CheckFunctionExists.c.o: In function `main':
/snap/cmake/340/share/cmake-3.17/Modules/CheckFunctionExists.c:17: undefined reference to `dlopen'
collect2: error: ld returned 1 exit status
CMakeFiles/cmTC_551e7.dir/build.make:106: recipe for target 'cmTC_551e7' failed
make[1]: *** [cmTC_551e7] Error 1
make[1]: Leaving directory '/home/cuckydev/OrgMaker3/build/CMakeFiles/CMakeTmp'
Makefile:141: recipe for target 'cmTC_551e7/fast' failed
make: *** [cmTC_551e7/fast] Error 2



Determining if the include file audio/audiolib.h exists failed with the following output:
Change Dir: /home/cuckydev/OrgMaker3/build/CMakeFiles/CMakeTmp

Run Build Command(s):/usr/bin/make cmTC_8365d/fast && /usr/bin/make  -f CMakeFiles/cmTC_8365d.dir/build.make CMakeFiles/cmTC_8365d.dir/build
make[1]: Entering directory '/home/cuckydev/OrgMaker3/build/CMakeFiles/CMakeTmp'
Building C object CMakeFiles/cmTC_8365d.dir/CheckIncludeFile.c.o
/usr/bin/cc   -g -O3 -idirafter "/home/cuckydev/OrgMaker3/external/SDL2/src/video/khronos"    -o CMakeFiles/cmTC_8365d.dir/CheckIncludeFile.c.o   -c /home/cuckydev/OrgMaker3/build/CMakeFiles/CMakeTmp/CheckIncludeFile.c
/home/cuckydev/OrgMaker3/build/CMakeFiles/CMakeTmp/CheckIncludeFile.c:1:10: fatal error: audio/audiolib.h: No such file or directory
 #include <audio/audiolib.h>
          ^~~~~~~~~~~~~~~~~~
compilation terminated.
CMakeFiles/cmTC_8365d.dir/build.make:85: recipe for target 'CMakeFiles/cmTC_8365d.dir/CheckIncludeFile.c.o' failed
make[1]: *** [CMakeFiles/cmTC_8365d.dir/CheckIncludeFile.c.o] Error 1
make[1]: Leaving directory '/home/cuckydev/OrgMaker3/build/CMakeFiles/CMakeTmp'
Makefile:141: recipe for target 'cmTC_8365d/fast' failed
make: *** [cmTC_8365d/fast] Error 2



Determining if the include file sndio.h exists failed with the following output:
Change Dir: /home/cuckydev/OrgMaker3/build/CMakeFiles/CMakeTmp

Run Build Command(s):/usr/bin/make cmTC_0b417/fast && /usr/bin/make  -f CMakeFiles/cmTC_0b417.dir/build.make CMakeFiles/cmTC_0b417.dir/build
make[1]: Entering directory '/home/cuckydev/OrgMaker3/build/CMakeFiles/CMakeTmp'
Building C object CMakeFiles/cmTC_0b417.dir/CheckIncludeFile.c.o
/usr/bin/cc   -g -O3 -idirafter "/home/cuckydev/OrgMaker3/external/SDL2/src/video/khronos"    -o CMakeFiles/cmTC_0b417.dir/CheckIncludeFile.c.o   -c /home/cuckydev/OrgMaker3/build/CMakeFiles/CMakeTmp/CheckIncludeFile.c
/home/cuckydev/OrgMaker3/build/CMakeFiles/CMakeTmp/CheckIncludeFile.c:1:10: fatal error: sndio.h: No such file or directory
 #include <sndio.h>
          ^~~~~~~~~
compilation terminated.
CMakeFiles/cmTC_0b417.dir/build.make:85: recipe for target 'CMakeFiles/cmTC_0b417.dir/CheckIncludeFile.c.o' failed
make[1]: *** [CMakeFiles/cmTC_0b417.dir/CheckIncludeFile.c.o] Error 1
make[1]: Leaving directory '/home/cuckydev/OrgMaker3/build/CMakeFiles/CMakeTmp'
Makefile:141: recipe for target 'cmTC_0b417/fast' failed
make: *** [cmTC_0b417/fast] Error 2



Determining if the include file samplerate.h exists failed with the following output:
Change Dir: /home/cuckydev/OrgMaker3/build/CMakeFiles/CMakeTmp

Run Build Command(s):/usr/bin/make cmTC_e4d1e/fast && /usr/bin/make  -f CMakeFiles/cmTC_e4d1e.dir/build.make CMakeFiles/cmTC_e4d1e.dir/build
make[1]: Entering directory '/home/cuckydev/OrgMaker3/build/CMakeFiles/CMakeTmp'
Building C object CMakeFiles/cmTC_e4d1e.dir/CheckIncludeFile.c.o
/usr/bin/cc   -g -O3 -idirafter "/home/cuckydev/OrgMaker3/external/SDL2/src/video/khronos"    -o CMakeFiles/cmTC_e4d1e.dir/CheckIncludeFile.c.o   -c /home/cuckydev/OrgMaker3/build/CMakeFiles/CMakeTmp/CheckIncludeFile.c
/home/cuckydev/OrgMaker3/build/CMakeFiles/CMakeTmp/CheckIncludeFile.c:1:10: fatal error: samplerate.h: No such file or directory
 #include <samplerate.h>
          ^~~~~~~~~~~~~~
compilation terminated.
CMakeFiles/cmTC_e4d1e.dir/build.make:85: recipe for target 'CMakeFiles/cmTC_e4d1e.dir/CheckIncludeFile.c.o' failed
make[1]: *** [CMakeFiles/cmTC_e4d1e.dir/CheckIncludeFile.c.o] Error 1
make[1]: Leaving directory '/home/cuckydev/OrgMaker3/build/CMakeFiles/CMakeTmp'
Makefile:141: recipe for target 'cmTC_e4d1e/fast' failed
make: *** [cmTC_e4d1e/fast] Error 2



Performing C SOURCE FILE Test HAVE_VIDEO_RPI failed with the following output:
Change Dir: /home/cuckydev/OrgMaker3/build/CMakeFiles/CMakeTmp

Run Build Command(s):/usr/bin/make cmTC_1e86e/fast && /usr/bin/make  -f CMakeFiles/cmTC_1e86e.dir/build.make CMakeFiles/cmTC_1e86e.dir/build
make[1]: Entering directory '/home/cuckydev/OrgMaker3/build/CMakeFiles/CMakeTmp'
Building C object CMakeFiles/cmTC_1e86e.dir/src.c.o
/usr/bin/cc   -g -O3 -idirafter "/home/cuckydev/OrgMaker3/external/SDL2/src/video/khronos" -DHAVE_VIDEO_RPI  -I/opt/vc/include/interface/vmcs_host/linux/ -I/opt/vc/include/interface/vcos/pthreads -I/opt/vc/include  -L/opt/vc/lib   -o CMakeFiles/cmTC_1e86e.dir/src.c.o   -c /home/cuckydev/OrgMaker3/build/CMakeFiles/CMakeTmp/src.c
/home/cuckydev/OrgMaker3/build/CMakeFiles/CMakeTmp/src.c:2:18: fatal error: bcm_host.h: No such file or directory
         #include <bcm_host.h>
                  ^~~~~~~~~~~~
compilation terminated.
CMakeFiles/cmTC_1e86e.dir/build.make:85: recipe for target 'CMakeFiles/cmTC_1e86e.dir/src.c.o' failed
make[1]: *** [CMakeFiles/cmTC_1e86e.dir/src.c.o] Error 1
make[1]: Leaving directory '/home/cuckydev/OrgMaker3/build/CMakeFiles/CMakeTmp'
Makefile:141: recipe for target 'cmTC_1e86e/fast' failed
make: *** [cmTC_1e86e/fast] Error 2


Source file was:

        #include <bcm_host.h>
        int main(int argc, char **argv) {}
Determining if the include file X11/Xcursor/Xcursor.h exists failed with the following output:
Change Dir: /home/cuckydev/OrgMaker3/build/CMakeFiles/CMakeTmp

Run Build Command(s):/usr/bin/make cmTC_2cec5/fast && /usr/bin/make  -f CMakeFiles/cmTC_2cec5.dir/build.make CMakeFiles/cmTC_2cec5.dir/build
make[1]: Entering directory '/home/cuckydev/OrgMaker3/build/CMakeFiles/CMakeTmp'
Building C object CMakeFiles/cmTC_2cec5.dir/CheckIncludeFile.c.o
/usr/bin/cc   -g -O3 -idirafter "/home/cuckydev/OrgMaker3/external/SDL2/src/video/khronos"    -o CMakeFiles/cmTC_2cec5.dir/CheckIncludeFile.c.o   -c /home/cuckydev/OrgMaker3/build/CMakeFiles/CMakeTmp/CheckIncludeFile.c
/home/cuckydev/OrgMaker3/build/CMakeFiles/CMakeTmp/CheckIncludeFile.c:1:10: fatal error: X11/Xcursor/Xcursor.h: No such file or directory
 #include <X11/Xcursor/Xcursor.h>
          ^~~~~~~~~~~~~~~~~~~~~~~
compilation terminated.
CMakeFiles/cmTC_2cec5.dir/build.make:85: recipe for target 'CMakeFiles/cmTC_2cec5.dir/CheckIncludeFile.c.o' failed
make[1]: *** [CMakeFiles/cmTC_2cec5.dir/CheckIncludeFile.c.o] Error 1
make[1]: Leaving directory '/home/cuckydev/OrgMaker3/build/CMakeFiles/CMakeTmp'
Makefile:141: recipe for target 'cmTC_2cec5/fast' failed
make: *** [cmTC_2cec5/fast] Error 2



Determining if the include file X11/extensions/XInput2.h exists failed with the following output:
Change Dir: /home/cuckydev/OrgMaker3/build/CMakeFiles/CMakeTmp

Run Build Command(s):/usr/bin/make cmTC_265e6/fast && /usr/bin/make  -f CMakeFiles/cmTC_265e6.dir/build.make CMakeFiles/cmTC_265e6.dir/build
make[1]: Entering directory '/home/cuckydev/OrgMaker3/build/CMakeFiles/CMakeTmp'
Building C object CMakeFiles/cmTC_265e6.dir/CheckIncludeFile.c.o
/usr/bin/cc   -g -O3 -idirafter "/home/cuckydev/OrgMaker3/external/SDL2/src/video/khronos"    -o CMakeFiles/cmTC_265e6.dir/CheckIncludeFile.c.o   -c /home/cuckydev/OrgMaker3/build/CMakeFiles/CMakeTmp/CheckIncludeFile.c
/home/cuckydev/OrgMaker3/build/CMakeFiles/CMakeTmp/CheckIncludeFile.c:1:10: fatal error: X11/extensions/XInput2.h: No such file or directory
 #include <X11/extensions/XInput2.h>
          ^~~~~~~~~~~~~~~~~~~~~~~~~~
compilation terminated.
CMakeFiles/cmTC_265e6.dir/build.make:85: recipe for target 'CMakeFiles/cmTC_265e6.dir/CheckIncludeFile.c.o' failed
make[1]: *** [CMakeFiles/cmTC_265e6.dir/CheckIncludeFile.c.o] Error 1
make[1]: Leaving directory '/home/cuckydev/OrgMaker3/build/CMakeFiles/CMakeTmp'
Makefile:141: recipe for target 'cmTC_265e6/fast' failed
make: *** [cmTC_265e6/fast] Error 2



Determining if the include file X11/extensions/scrnsaver.h exists failed with the following output:
Change Dir: /home/cuckydev/OrgMaker3/build/CMakeFiles/CMakeTmp

Run Build Command(s):/usr/bin/make cmTC_7f628/fast && /usr/bin/make  -f CMakeFiles/cmTC_7f628.dir/build.make CMakeFiles/cmTC_7f628.dir/build
make[1]: Entering directory '/home/cuckydev/OrgMaker3/build/CMakeFiles/CMakeTmp'
Building C object CMakeFiles/cmTC_7f628.dir/CheckIncludeFile.c.o
/usr/bin/cc   -g -O3 -idirafter "/home/cuckydev/OrgMaker3/external/SDL2/src/video/khronos"    -o CMakeFiles/cmTC_7f628.dir/CheckIncludeFile.c.o   -c /home/cuckydev/OrgMaker3/build/CMakeFiles/CMakeTmp/CheckIncludeFile.c
/home/cuckydev/OrgMaker3/build/CMakeFiles/CMakeTmp/CheckIncludeFile.c:1:10: fatal error: X11/extensions/scrnsaver.h: No such file or directory
 #include <X11/extensions/scrnsaver.h>
          ^~~~~~~~~~~~~~~~~~~~~~~~~~~~
compilation terminated.
CMakeFiles/cmTC_7f628.dir/build.make:85: recipe for target 'CMakeFiles/cmTC_7f628.dir/CheckIncludeFile.c.o' failed
make[1]: *** [CMakeFiles/cmTC_7f628.dir/CheckIncludeFile.c.o] Error 1
make[1]: Leaving directory '/home/cuckydev/OrgMaker3/build/CMakeFiles/CMakeTmp'
Makefile:141: recipe for target 'cmTC_7f628/fast' failed
make: *** [cmTC_7f628/fast] Error 2



Performing C SOURCE FILE Test HAVE_VIDEO_OPENGLES_V1 failed with the following output:
Change Dir: /home/cuckydev/OrgMaker3/build/CMakeFiles/CMakeTmp

Run Build Command(s):/usr/bin/make cmTC_981c0/fast && /usr/bin/make  -f CMakeFiles/cmTC_981c0.dir/build.make CMakeFiles/cmTC_981c0.dir/build
make[1]: Entering directory '/home/cuckydev/OrgMaker3/build/CMakeFiles/CMakeTmp'
Building C object CMakeFiles/cmTC_981c0.dir/src.c.o
/usr/bin/cc   -g -O3 -idirafter "/home/cuckydev/OrgMaker3/external/SDL2/src/video/khronos" -DHAVE_VIDEO_OPENGLES_V1   -o CMakeFiles/cmTC_981c0.dir/src.c.o   -c /home/cuckydev/OrgMaker3/build/CMakeFiles/CMakeTmp/src.c
/home/cuckydev/OrgMaker3/build/CMakeFiles/CMakeTmp/src.c:2:16: fatal error: GLES/gl.h: No such file or directory
       #include <GLES/gl.h>
                ^~~~~~~~~~~
compilation terminated.
CMakeFiles/cmTC_981c0.dir/build.make:85: recipe for target 'CMakeFiles/cmTC_981c0.dir/src.c.o' failed
make[1]: *** [CMakeFiles/cmTC_981c0.dir/src.c.o] Error 1
make[1]: Leaving directory '/home/cuckydev/OrgMaker3/build/CMakeFiles/CMakeTmp'
Makefile:141: recipe for target 'cmTC_981c0/fast' failed
make: *** [cmTC_981c0/fast] Error 2


Source file was:

      #include <GLES/gl.h>
      #include <GLES/glext.h>
      int main (int argc, char** argv) {}
Performing C SOURCE FILE Test HAVE_VIDEO_VIVANTE_VDK failed with the following output:
Change Dir: /home/cuckydev/OrgMaker3/build/CMakeFiles/CMakeTmp

Run Build Command(s):/usr/bin/make cmTC_58655/fast && /usr/bin/make  -f CMakeFiles/cmTC_58655.dir/build.make CMakeFiles/cmTC_58655.dir/build
make[1]: Entering directory '/home/cuckydev/OrgMaker3/build/CMakeFiles/CMakeTmp'
Building C object CMakeFiles/cmTC_58655.dir/src.c.o
/usr/bin/cc   -g -O3 -idirafter "/home/cuckydev/OrgMaker3/external/SDL2/src/video/khronos" -DHAVE_VIDEO_VIVANTE_VDK   -o CMakeFiles/cmTC_58655.dir/src.c.o   -c /home/cuckydev/OrgMaker3/build/CMakeFiles/CMakeTmp/src.c
/home/cuckydev/OrgMaker3/build/CMakeFiles/CMakeTmp/src.c:2:18: fatal error: gc_vdk.h: No such file or directory
         #include <gc_vdk.h>
                  ^~~~~~~~~~
compilation terminated.
CMakeFiles/cmTC_58655.dir/build.make:85: recipe for target 'CMakeFiles/cmTC_58655.dir/src.c.o' failed
make[1]: *** [CMakeFiles/cmTC_58655.dir/src.c.o] Error 1
make[1]: Leaving directory '/home/cuckydev/OrgMaker3/build/CMakeFiles/CMakeTmp'
Makefile:141: recipe for target 'cmTC_58655/fast' failed
make: *** [cmTC_58655/fast] Error 2


Source file was:

        #include <gc_vdk.h>
        int main(int argc, char** argv) {}
Performing C SOURCE FILE Test HAVE_VIDEO_VIVANTE_EGL_FB failed with the following output:
Change Dir: /home/cuckydev/OrgMaker3/build/CMakeFiles/CMakeTmp

Run Build Command(s):/usr/bin/make cmTC_c86c4/fast && /usr/bin/make  -f CMakeFiles/cmTC_c86c4.dir/build.make CMakeFiles/cmTC_c86c4.dir/build
make[1]: Entering directory '/home/cuckydev/OrgMaker3/build/CMakeFiles/CMakeTmp'
Building C object CMakeFiles/cmTC_c86c4.dir/src.c.o
/usr/bin/cc   -g -O3 -idirafter "/home/cuckydev/OrgMaker3/external/SDL2/src/video/khronos" -DHAVE_VIDEO_VIVANTE_EGL_FB   -o CMakeFiles/cmTC_c86c4.dir/src.c.o   -c /home/cuckydev/OrgMaker3/build/CMakeFiles/CMakeTmp/src.c
/home/cuckydev/OrgMaker3/build/CMakeFiles/CMakeTmp/src.c:4:18: fatal error: EGL/eglvivante.h: No such file or directory
         #include <EGL/eglvivante.h>
                  ^~~~~~~~~~~~~~~~~~
compilation terminated.
CMakeFiles/cmTC_c86c4.dir/build.make:85: recipe for target 'CMakeFiles/cmTC_c86c4.dir/src.c.o' failed
make[1]: *** [CMakeFiles/cmTC_c86c4.dir/src.c.o] Error 1
make[1]: Leaving directory '/home/cuckydev/OrgMaker3/build/CMakeFiles/CMakeTmp'
Makefile:141: recipe for target 'cmTC_c86c4/fast' failed
make: *** [cmTC_c86c4/fast] Error 2


Source file was:

        #define LINUX
        #define EGL_API_FB
        #include <EGL/eglvivante.h>
        int main(int argc, char** argv) {}
Determining if the include file libudev.h exists failed with the following output:
Change Dir: /home/cuckydev/OrgMaker3/build/CMakeFiles/CMakeTmp

Run Build Command(s):/usr/bin/make cmTC_e4d8c/fast && /usr/bin/make  -f CMakeFiles/cmTC_e4d8c.dir/build.make CMakeFiles/cmTC_e4d8c.dir/build
make[1]: Entering directory '/home/cuckydev/OrgMaker3/build/CMakeFiles/CMakeTmp'
Building C object CMakeFiles/cmTC_e4d8c.dir/CheckIncludeFile.c.o
/usr/bin/cc   -g -O3 -idirafter "/home/cuckydev/OrgMaker3/external/SDL2/src/video/khronos"    -o CMakeFiles/cmTC_e4d8c.dir/CheckIncludeFile.c.o   -c /home/cuckydev/OrgMaker3/build/CMakeFiles/CMakeTmp/CheckIncludeFile.c
/home/cuckydev/OrgMaker3/build/CMakeFiles/CMakeTmp/CheckIncludeFile.c:1:10: fatal error: libudev.h: No such file or directory
 #include <libudev.h>
          ^~~~~~~~~~~
compilation terminated.
CMakeFiles/cmTC_e4d8c.dir/build.make:85: recipe for target 'CMakeFiles/cmTC_e4d8c.dir/CheckIncludeFile.c.o' failed
make[1]: *** [CMakeFiles/cmTC_e4d8c.dir/CheckIncludeFile.c.o] Error 1
make[1]: Leaving directory '/home/cuckydev/OrgMaker3/build/CMakeFiles/CMakeTmp'
Makefile:141: recipe for target 'cmTC_e4d8c/fast' failed
make: *** [cmTC_e4d8c/fast] Error 2



Determining if the include file fcitx/frontend.h exists failed with the following output:
Change Dir: /home/cuckydev/OrgMaker3/build/CMakeFiles/CMakeTmp

Run Build Command(s):/usr/bin/make cmTC_50e8b/fast && /usr/bin/make  -f CMakeFiles/cmTC_50e8b.dir/build.make CMakeFiles/cmTC_50e8b.dir/build
make[1]: Entering directory '/home/cuckydev/OrgMaker3/build/CMakeFiles/CMakeTmp'
Building C object CMakeFiles/cmTC_50e8b.dir/CheckIncludeFile.c.o
/usr/bin/cc   -g -O3 -idirafter "/home/cuckydev/OrgMaker3/external/SDL2/src/video/khronos"    -o CMakeFiles/cmTC_50e8b.dir/CheckIncludeFile.c.o   -c /home/cuckydev/OrgMaker3/build/CMakeFiles/CMakeTmp/CheckIncludeFile.c
/home/cuckydev/OrgMaker3/build/CMakeFiles/CMakeTmp/CheckIncludeFile.c:1:10: fatal error: fcitx/frontend.h: No such file or directory
 #include <fcitx/frontend.h>
          ^~~~~~~~~~~~~~~~~~
compilation terminated.
CMakeFiles/cmTC_50e8b.dir/build.make:85: recipe for target 'CMakeFiles/cmTC_50e8b.dir/CheckIncludeFile.c.o' failed
make[1]: *** [CMakeFiles/cmTC_50e8b.dir/CheckIncludeFile.c.o] Error 1
make[1]: Leaving directory '/home/cuckydev/OrgMaker3/build/CMakeFiles/CMakeTmp'
Makefile:141: recipe for target 'cmTC_50e8b/fast' failed
make: *** [cmTC_50e8b/fast] Error 2



Performing C SOURCE FILE Test HAVE_INPUT_TSLIB failed with the following output:
Change Dir: /home/cuckydev/OrgMaker3/build/CMakeFiles/CMakeTmp

Run Build Command(s):/usr/bin/make cmTC_6ecc7/fast && /usr/bin/make  -f CMakeFiles/cmTC_6ecc7.dir/build.make CMakeFiles/cmTC_6ecc7.dir/build
make[1]: Entering directory '/home/cuckydev/OrgMaker3/build/CMakeFiles/CMakeTmp'
Building C object CMakeFiles/cmTC_6ecc7.dir/src.c.o
/usr/bin/cc   -g -O3 -idirafter "/home/cuckydev/OrgMaker3/external/SDL2/src/video/khronos" -DHAVE_INPUT_TSLIB   -o CMakeFiles/cmTC_6ecc7.dir/src.c.o   -c /home/cuckydev/OrgMaker3/build/CMakeFiles/CMakeTmp/src.c
/home/cuckydev/OrgMaker3/build/CMakeFiles/CMakeTmp/src.c:2:18: fatal error: tslib.h: No such file or directory
         #include "tslib.h"
                  ^~~~~~~~~
compilation terminated.
CMakeFiles/cmTC_6ecc7.dir/build.make:85: recipe for target 'CMakeFiles/cmTC_6ecc7.dir/src.c.o' failed
make[1]: *** [CMakeFiles/cmTC_6ecc7.dir/src.c.o] Error 1
make[1]: Leaving directory '/home/cuckydev/OrgMaker3/build/CMakeFiles/CMakeTmp'
Makefile:141: recipe for target 'cmTC_6ecc7/fast' failed
make: *** [cmTC_6ecc7/fast] Error 2


Source file was:

        #include "tslib.h"
        int main(int argc, char** argv) { }
Determining if the function hid_init exists in the usbhid failed with the following output:
Change Dir: /home/cuckydev/OrgMaker3/build/CMakeFiles/CMakeTmp

Run Build Command(s):/usr/bin/make cmTC_059b1/fast && /usr/bin/make  -f CMakeFiles/cmTC_059b1.dir/build.make CMakeFiles/cmTC_059b1.dir/build
make[1]: Entering directory '/home/cuckydev/OrgMaker3/build/CMakeFiles/CMakeTmp'
Building C object CMakeFiles/cmTC_059b1.dir/CheckFunctionExists.c.o
/usr/bin/cc   -g -O3 -idirafter "/home/cuckydev/OrgMaker3/external/SDL2/src/video/khronos" -DCHECK_FUNCTION_EXISTS=hid_init   -o CMakeFiles/cmTC_059b1.dir/CheckFunctionExists.c.o   -c /snap/cmake/340/share/cmake-3.17/Modules/CheckFunctionExists.c
Linking C executable cmTC_059b1
/snap/cmake/340/bin/cmake -E cmake_link_script CMakeFiles/cmTC_059b1.dir/link.txt --verbose=1
/usr/bin/cc -g -O3 -idirafter "/home/cuckydev/OrgMaker3/external/SDL2/src/video/khronos" -DCHECK_FUNCTION_EXISTS=hid_init    -rdynamic CMakeFiles/cmTC_059b1.dir/CheckFunctionExists.c.o  -o cmTC_059b1  -lusbhid 
/usr/bin/ld: cannot find -lusbhid
collect2: error: ld returned 1 exit status
CMakeFiles/cmTC_059b1.dir/build.make:106: recipe for target 'cmTC_059b1' failed
make[1]: *** [cmTC_059b1] Error 1
make[1]: Leaving directory '/home/cuckydev/OrgMaker3/build/CMakeFiles/CMakeTmp'
Makefile:141: recipe for target 'cmTC_059b1/fast' failed
make: *** [cmTC_059b1/fast] Error 2



Determining if the include file libusb.h exists failed with the following output:
Change Dir: /home/cuckydev/OrgMaker3/build/CMakeFiles/CMakeTmp

Run Build Command(s):/usr/bin/make cmTC_9a826/fast && /usr/bin/make  -f CMakeFiles/cmTC_9a826.dir/build.make CMakeFiles/cmTC_9a826.dir/build
make[1]: Entering directory '/home/cuckydev/OrgMaker3/build/CMakeFiles/CMakeTmp'
Building C object CMakeFiles/cmTC_9a826.dir/CheckIncludeFile.c.o
/usr/bin/cc   -g -O3 -idirafter "/home/cuckydev/OrgMaker3/external/SDL2/src/video/khronos"    -o CMakeFiles/cmTC_9a826.dir/CheckIncludeFile.c.o   -c /home/cuckydev/OrgMaker3/build/CMakeFiles/CMakeTmp/CheckIncludeFile.c
/home/cuckydev/OrgMaker3/build/CMakeFiles/CMakeTmp/CheckIncludeFile.c:1:10: fatal error: libusb.h: No such file or directory
 #include <libusb.h>
          ^~~~~~~~~~
compilation terminated.
CMakeFiles/cmTC_9a826.dir/build.make:85: recipe for target 'CMakeFiles/cmTC_9a826.dir/CheckIncludeFile.c.o' failed
make[1]: *** [CMakeFiles/cmTC_9a826.dir/CheckIncludeFile.c.o] Error 1
make[1]: Leaving directory '/home/cuckydev/OrgMaker3/build/CMakeFiles/CMakeTmp'
Makefile:141: recipe for target 'cmTC_9a826/fast' failed
make: *** [cmTC_9a826/fast] Error 2



Determining if the function hid_init exists in the usb failed with the following output:
Change Dir: /home/cuckydev/OrgMaker3/build/CMakeFiles/CMakeTmp

Run Build Command(s):/usr/bin/make cmTC_6c8c8/fast && /usr/bin/make  -f CMakeFiles/cmTC_6c8c8.dir/build.make CMakeFiles/cmTC_6c8c8.dir/build
make[1]: Entering directory '/home/cuckydev/OrgMaker3/build/CMakeFiles/CMakeTmp'
Building C object CMakeFiles/cmTC_6c8c8.dir/CheckFunctionExists.c.o
/usr/bin/cc   -g -O3 -idirafter "/home/cuckydev/OrgMaker3/external/SDL2/src/video/khronos" -DCHECK_FUNCTION_EXISTS=hid_init   -o CMakeFiles/cmTC_6c8c8.dir/CheckFunctionExists.c.o   -c /snap/cmake/340/share/cmake-3.17/Modules/CheckFunctionExists.c
Linking C executable cmTC_6c8c8
/snap/cmake/340/bin/cmake -E cmake_link_script CMakeFiles/cmTC_6c8c8.dir/link.txt --verbose=1
/usr/bin/cc -g -O3 -idirafter "/home/cuckydev/OrgMaker3/external/SDL2/src/video/khronos" -DCHECK_FUNCTION_EXISTS=hid_init    -rdynamic CMakeFiles/cmTC_6c8c8.dir/CheckFunctionExists.c.o  -o cmTC_6c8c8  -lusb 
CMakeFiles/cmTC_6c8c8.dir/CheckFunctionExists.c.o: In function `main':
/snap/cmake/340/share/cmake-3.17/Modules/CheckFunctionExists.c:17: undefined reference to `hid_init'
collect2: error: ld returned 1 exit status
CMakeFiles/cmTC_6c8c8.dir/build.make:106: recipe for target 'cmTC_6c8c8' failed
make[1]: *** [cmTC_6c8c8] Error 1
make[1]: Leaving directory '/home/cuckydev/OrgMaker3/build/CMakeFiles/CMakeTmp'
Makefile:141: recipe for target 'cmTC_6c8c8/fast' failed
make: *** [cmTC_6c8c8/fast] Error 2



Performing C SOURCE FILE Test HAVE_USBHID failed with the following output:
Change Dir: /home/cuckydev/OrgMaker3/build/CMakeFiles/CMakeTmp

Run Build Command(s):/usr/bin/make cmTC_dcccb/fast && /usr/bin/make  -f CMakeFiles/cmTC_dcccb.dir/build.make CMakeFiles/cmTC_dcccb.dir/build
make[1]: Entering directory '/home/cuckydev/OrgMaker3/build/CMakeFiles/CMakeTmp'
Building C object CMakeFiles/cmTC_dcccb.dir/src.c.o
/usr/bin/cc   -g -O3 -idirafter "/home/cuckydev/OrgMaker3/external/SDL2/src/video/khronos" -DHAVE_USBHID  -DHAVE_USB_H   -o CMakeFiles/cmTC_dcccb.dir/src.c.o   -c /home/cuckydev/OrgMaker3/build/CMakeFiles/CMakeTmp/src.c
/home/cuckydev/OrgMaker3/build/CMakeFiles/CMakeTmp/src.c:10:19: fatal error: dev/usb/usb.h: No such file or directory
         # include <dev/usb/usb.h>
                   ^~~~~~~~~~~~~~~
compilation terminated.
CMakeFiles/cmTC_dcccb.dir/build.make:85: recipe for target 'CMakeFiles/cmTC_dcccb.dir/src.c.o' failed
make[1]: *** [CMakeFiles/cmTC_dcccb.dir/src.c.o] Error 1
make[1]: Leaving directory '/home/cuckydev/OrgMaker3/build/CMakeFiles/CMakeTmp'
Makefile:141: recipe for target 'cmTC_dcccb/fast' failed
make: *** [cmTC_dcccb/fast] Error 2


Source file was:

       #include <sys/types.h>
        #if defined(HAVE_USB_H)
        #include <usb.h>
        #endif
        #ifdef __DragonFly__
        # include <bus/usb/usb.h>
        # include <bus/usb/usbhid.h>
        #else
        # include <dev/usb/usb.h>
        # include <dev/usb/usbhid.h>
        #endif
        #if defined(HAVE_USBHID_H)
        #include <usbhid.h>
        #elif defined(HAVE_LIBUSB_H)
        #include <libusb.h>
        #elif defined(HAVE_LIBUSBHID_H)
        #include <libusbhid.h>
        #endif
        int main(int argc, char **argv) {
          struct report_desc *repdesc;
          struct usb_ctl_report *repbuf;
          hid_kind_t hidkind;
          return 0;
        }
Performing C SOURCE FILE Test HAVE_PTHREAD_NP_H failed with the following output:
Change Dir: /home/cuckydev/OrgMaker3/build/CMakeFiles/CMakeTmp

Run Build Command(s):/usr/bin/make cmTC_1c5de/fast && /usr/bin/make  -f CMakeFiles/cmTC_1c5de.dir/build.make CMakeFiles/cmTC_1c5de.dir/build
make[1]: Entering directory '/home/cuckydev/OrgMaker3/build/CMakeFiles/CMakeTmp'
Building C object CMakeFiles/cmTC_1c5de.dir/src.c.o
/usr/bin/cc   -g -O3 -idirafter "/home/cuckydev/OrgMaker3/external/SDL2/src/video/khronos" -DHAVE_PTHREAD_NP_H  -DHAVE_USB_H -D_REENTRANT -pthread   -o CMakeFiles/cmTC_1c5de.dir/src.c.o   -c /home/cuckydev/OrgMaker3/build/CMakeFiles/CMakeTmp/src.c
/home/cuckydev/OrgMaker3/build/CMakeFiles/CMakeTmp/src.c:3:20: fatal error: pthread_np.h: No such file or directory
           #include <pthread_np.h>
                    ^~~~~~~~~~~~~~
compilation terminated.
CMakeFiles/cmTC_1c5de.dir/build.make:85: recipe for target 'CMakeFiles/cmTC_1c5de.dir/src.c.o' failed
make[1]: *** [CMakeFiles/cmTC_1c5de.dir/src.c.o] Error 1
make[1]: Leaving directory '/home/cuckydev/OrgMaker3/build/CMakeFiles/CMakeTmp'
Makefile:141: recipe for target 'cmTC_1c5de/fast' failed
make: *** [cmTC_1c5de/fast] Error 2


Source file was:

          #include <pthread.h>
          #include <pthread_np.h>
          int main(int argc, char** argv) { return 0; }
Determining if the function pthread_set_name_np exists failed with the following output:
Change Dir: /home/cuckydev/OrgMaker3/build/CMakeFiles/CMakeTmp

Run Build Command(s):/usr/bin/make cmTC_77e33/fast && /usr/bin/make  -f CMakeFiles/cmTC_77e33.dir/build.make CMakeFiles/cmTC_77e33.dir/build
make[1]: Entering directory '/home/cuckydev/OrgMaker3/build/CMakeFiles/CMakeTmp'
Building C object CMakeFiles/cmTC_77e33.dir/CheckFunctionExists.c.o
/usr/bin/cc   -g -O3 -idirafter "/home/cuckydev/OrgMaker3/external/SDL2/src/video/khronos" -DCHECK_FUNCTION_EXISTS=pthread_set_name_np  -DHAVE_USB_H -D_REENTRANT -pthread   -o CMakeFiles/cmTC_77e33.dir/CheckFunctionExists.c.o   -c /snap/cmake/340/share/cmake-3.17/Modules/CheckFunctionExists.c
Linking C executable cmTC_77e33
/snap/cmake/340/bin/cmake -E cmake_link_script CMakeFiles/cmTC_77e33.dir/link.txt --verbose=1
/usr/bin/cc -g -O3 -idirafter "/home/cuckydev/OrgMaker3/external/SDL2/src/video/khronos" -DCHECK_FUNCTION_EXISTS=pthread_set_name_np  -DHAVE_USB_H -D_REENTRANT -pthread    -rdynamic CMakeFiles/cmTC_77e33.dir/CheckFunctionExists.c.o  -o cmTC_77e33 
CMakeFiles/cmTC_77e33.dir/CheckFunctionExists.c.o: In function `main':
/snap/cmake/340/share/cmake-3.17/Modules/CheckFunctionExists.c:17: undefined reference to `pthread_set_name_np'
collect2: error: ld returned 1 exit status
CMakeFiles/cmTC_77e33.dir/build.make:106: recipe for target 'cmTC_77e33' failed
make[1]: *** [cmTC_77e33] Error 1
make[1]: Leaving directory '/home/cuckydev/OrgMaker3/build/CMakeFiles/CMakeTmp'
Makefile:141: recipe for target 'cmTC_77e33/fast' failed
make: *** [cmTC_77e33/fast] Error 2



